<?xml version="1.0" encoding="UTF-8"?>
<!-- Generated by org.testng.reporters.JUnitXMLReporter -->
<testsuite ignored="0" hostname="LAPTOP-A3F9S563" failures="0" tests="4" name="Testlogin" time="36.854" errors="0" timestamp="2021-04-21T18:57:54 IST">
  <testcase classname="TestCases.LoginTest" name="loginTest" time="9.761"/>
  <testcase classname="TestCases.CreateAccountTest" name="createTest" time="15.265"/>
  <testcase classname="TestCases.CreateAccountTest" name="createTest" time="8.036"/>
  <testcase classname="TestCases.FeedTest" name="feedTest" time="2.729"/>
</testsuite> <!-- Testlogin -->
