<?xml version="1.0" encoding="UTF-8"?>
<!-- Generated by org.testng.reporters.JUnitXMLReporter -->
<testsuite ignored="0" hostname="LAPTOP-A3F9S563" failures="0" tests="5" name="Test" time="69.43" errors="0" timestamp="2021-04-23T18:30:51 IST">
  <testcase classname="TestCases.LoginTest" name="loginTest" time="15.757"/>
  <testcase classname="TestCases.CreateAccountTest" name="createTest" time="12.248"/>
  <testcase classname="TestCases.CreateAccountTest" name="createTest" time="9.96"/>
  <testcase classname="TestCases.FeedTest" name="feedTest" time="4.932"/>
  <testcase classname="TestCases.ActivitiesTest" name="activitiesMainPageCheck" time="24.23"/>
</testsuite> <!-- Test -->
